2017-08-18 12:57:55 INFO  TestBase:103 - Browser Name Retrieved as :chrome
2017-08-18 12:57:55 INFO  TestBase:103 - Browser Name Retrieved as :chrome
2017-08-18 12:57:55 INFO  TestBase:103 - Browser Name Retrieved as :chrome
2017-08-18 12:57:55 INFO  TestBase:103 - Browser Name Retrieved as :chrome
2017-08-18 12:57:59 INFO  TestBase:228 - Value of WebDriver in TestBase ChromeDriver: chrome on XP (88dc9daf46a4e2a5ac259a20f5c8d21e)
2017-08-18 12:57:59 INFO  TestBase:228 - Value of WebDriver in TestBase ChromeDriver: chrome on XP (6e92871b87193e404d14a4590587d43b)
2017-08-18 12:57:59 INFO  TestBase:228 - Value of WebDriver in TestBase ChromeDriver: chrome on XP (e1585df95cd0047a4ce50797ca728b39)
2017-08-18 12:57:59 INFO  TestBase:228 - Value of WebDriver in TestBase ChromeDriver: chrome on XP (b7c2291179d1170c6fc7dc0e7f91f031)
2017-08-18 12:58:10 INFO  CreateNewAccountUIActions:108 - Clicked On Sign In Button From Home Page @:[[ChromeDriver: chrome on XP (88dc9daf46a4e2a5ac259a20f5c8d21e)] -> css selector: a.login]
2017-08-18 12:58:11 INFO  CreateNewAccountUIActions:108 - Clicked On Sign In Button From Home Page @:[[ChromeDriver: chrome on XP (e1585df95cd0047a4ce50797ca728b39)] -> css selector: a.login]
2017-08-18 12:58:11 INFO  CreateNewAccountUIActions:108 - Clicked On Sign In Button From Home Page @:[[ChromeDriver: chrome on XP (b7c2291179d1170c6fc7dc0e7f91f031)] -> css selector: a.login]
2017-08-18 12:58:11 INFO  CreateNewAccountUIActions:108 - Clicked On Sign In Button From Home Page @:[[ChromeDriver: chrome on XP (6e92871b87193e404d14a4590587d43b)] -> css selector: a.login]
2017-08-18 12:58:11 INFO  SignInUIActions:15 - Entered Email ID to SignIn @:[[ChromeDriver: chrome on XP (88dc9daf46a4e2a5ac259a20f5c8d21e)] -> css selector: input#email]
2017-08-18 12:58:12 INFO  SignInUIActions:18 - Entered Password to SignIn @:[[ChromeDriver: chrome on XP (88dc9daf46a4e2a5ac259a20f5c8d21e)] -> css selector: input#passwd]
2017-08-18 12:58:12 INFO  SignInUIActions:15 - Entered Email ID to SignIn @:[[ChromeDriver: chrome on XP (e1585df95cd0047a4ce50797ca728b39)] -> css selector: input#email]
2017-08-18 12:58:12 INFO  CreateNewAccountUIActions:97 - Entered Email ID for Creating New Account @:[[ChromeDriver: chrome on XP (b7c2291179d1170c6fc7dc0e7f91f031)] -> css selector: input#email_create]
2017-08-18 12:58:12 INFO  CreateNewAccountUIActions:97 - Entered Email ID for Creating New Account @:[[ChromeDriver: chrome on XP (6e92871b87193e404d14a4590587d43b)] -> css selector: input#email_create]
2017-08-18 12:58:12 INFO  CreateNewAccountUIActions:101 - Clicked On Submit Button To Create New Account @:[[ChromeDriver: chrome on XP (b7c2291179d1170c6fc7dc0e7f91f031)] -> css selector: button#SubmitCreate]
2017-08-18 12:58:13 INFO  CreateNewAccountUIActions:101 - Clicked On Submit Button To Create New Account @:[[ChromeDriver: chrome on XP (6e92871b87193e404d14a4590587d43b)] -> css selector: button#SubmitCreate]
2017-08-18 12:58:13 INFO  SignInUIActions:18 - Entered Password to SignIn @:[[ChromeDriver: chrome on XP (e1585df95cd0047a4ce50797ca728b39)] -> css selector: input#passwd]
2017-08-18 12:58:14 INFO  SignInUIActions:20 - Clicked On Sign-In Button 
2017-08-18 12:58:14 INFO  CreateNewAccountUIActions:21 - Clicked on Title @:[[ChromeDriver: chrome on XP (6e92871b87193e404d14a4590587d43b)] -> css selector: input#id_gender1]
2017-08-18 12:58:14 INFO  CreateNewAccountUIActions:21 - Clicked on Title @:[[ChromeDriver: chrome on XP (b7c2291179d1170c6fc7dc0e7f91f031)] -> css selector: input#id_gender1]
2017-08-18 12:58:14 INFO  SignInUIActions:20 - Clicked On Sign-In Button 
2017-08-18 12:58:15 INFO  CreateNewAccountUIActions:25 - Entered First Name @:[[ChromeDriver: chrome on XP (b7c2291179d1170c6fc7dc0e7f91f031)] -> css selector: input#customer_firstname]
2017-08-18 12:58:15 INFO  CreateNewAccountUIActions:25 - Entered First Name @:[[ChromeDriver: chrome on XP (6e92871b87193e404d14a4590587d43b)] -> css selector: input#customer_firstname]
2017-08-18 12:58:15 INFO  CreateNewAccountUIActions:28 - Entered Last Name @:[[ChromeDriver: chrome on XP (b7c2291179d1170c6fc7dc0e7f91f031)] -> css selector: input#customer_lastname]
2017-08-18 12:58:15 INFO  CreateNewAccountUIActions:28 - Entered Last Name @:[[ChromeDriver: chrome on XP (6e92871b87193e404d14a4590587d43b)] -> css selector: input#customer_lastname]
2017-08-18 12:58:15 INFO  CreateNewAccountUIActions:32 - Entered Password @:[[ChromeDriver: chrome on XP (b7c2291179d1170c6fc7dc0e7f91f031)] -> css selector: input#passwd]
2017-08-18 12:58:15 INFO  CreateNewAccountUIActions:32 - Entered Password @:[[ChromeDriver: chrome on XP (6e92871b87193e404d14a4590587d43b)] -> css selector: input#passwd]
2017-08-18 12:58:15 INFO  SignInUIActions:47 - Clicked On Women Category 
2017-08-18 12:58:16 INFO  CreateNewAccountUIActions:35 - Day Selected @:[[ChromeDriver: chrome on XP (6e92871b87193e404d14a4590587d43b)] -> css selector: select#days]
2017-08-18 12:58:16 INFO  CreateNewAccountUIActions:35 - Day Selected @:[[ChromeDriver: chrome on XP (b7c2291179d1170c6fc7dc0e7f91f031)] -> css selector: select#days]
2017-08-18 12:58:16 INFO  CreateNewAccountUIActions:40 - Month Selected @:[[ChromeDriver: chrome on XP (6e92871b87193e404d14a4590587d43b)] -> css selector: select#months]
2017-08-18 12:58:16 INFO  CreateNewAccountUIActions:40 - Month Selected @:[[ChromeDriver: chrome on XP (b7c2291179d1170c6fc7dc0e7f91f031)] -> css selector: select#months]
2017-08-18 12:58:16 INFO  CreateNewAccountUIActions:45 - Year Selected @:[[ChromeDriver: chrome on XP (6e92871b87193e404d14a4590587d43b)] -> css selector: select#years]
2017-08-18 12:58:16 INFO  CreateNewAccountUIActions:45 - Year Selected @:[[ChromeDriver: chrome on XP (b7c2291179d1170c6fc7dc0e7f91f031)] -> css selector: select#years]
2017-08-18 12:58:16 INFO  SignInUIActions:47 - Clicked On Women Category 
2017-08-18 12:58:17 INFO  CreateNewAccountUIActions:48 - Entered Company Name @:[[ChromeDriver: chrome on XP (6e92871b87193e404d14a4590587d43b)] -> css selector: input#company]
2017-08-18 12:58:17 INFO  CreateNewAccountUIActions:48 - Entered Company Name @:[[ChromeDriver: chrome on XP (b7c2291179d1170c6fc7dc0e7f91f031)] -> css selector: input#company]
2017-08-18 12:58:18 INFO  SignInUIActions:27 - Clicked On Discover Out Stores Button 
2017-08-18 12:58:19 INFO  SignInUIActions:35 - Entered Store Location @:[[ChromeDriver: chrome on XP (88dc9daf46a4e2a5ac259a20f5c8d21e)] -> css selector: input#addressInput]
2017-08-18 12:58:19 INFO  SignInUIActions:27 - Clicked On Discover Out Stores Button 
2017-08-18 12:58:19 INFO  CreateNewAccountUIActions:51 - Entered Address Line 1 @:[[ChromeDriver: chrome on XP (6e92871b87193e404d14a4590587d43b)] -> css selector: input#address1]
2017-08-18 12:58:19 INFO  SignInUIActions:38 - Clicked On Search Button for Location 
2017-08-18 12:58:19 INFO  CreateNewAccountUIActions:51 - Entered Address Line 1 @:[[ChromeDriver: chrome on XP (b7c2291179d1170c6fc7dc0e7f91f031)] -> css selector: input#address1]
2017-08-18 12:58:20 INFO  CreateNewAccountUIActions:55 - Entered Addres Line 2 @:[[ChromeDriver: chrome on XP (6e92871b87193e404d14a4590587d43b)] -> css selector: input#address2]
2017-08-18 12:58:20 INFO  SignInUIActions:35 - Entered Store Location @:[[ChromeDriver: chrome on XP (e1585df95cd0047a4ce50797ca728b39)] -> css selector: input#addressInput]
2017-08-18 12:58:20 INFO  TestCase02:95 - Store Name Verified In Search Results as:Pembroke Pines
2017-08-18 12:58:20 INFO  TestCase02:44 - =========== Execution Finished for Test Case02 =============
2017-08-18 12:58:20 INFO  CreateNewAccountUIActions:55 - Entered Addres Line 2 @:[[ChromeDriver: chrome on XP (b7c2291179d1170c6fc7dc0e7f91f031)] -> css selector: input#address2]
2017-08-18 12:58:20 INFO  SignInUIActions:38 - Clicked On Search Button for Location 
2017-08-18 12:58:20 INFO  CreateNewAccountUIActions:58 - Entered City @:[[ChromeDriver: chrome on XP (6e92871b87193e404d14a4590587d43b)] -> css selector: input#city]
2017-08-18 12:58:21 INFO  CreateNewAccountUIActions:58 - Entered City @:[[ChromeDriver: chrome on XP (b7c2291179d1170c6fc7dc0e7f91f031)] -> css selector: input#city]
2017-08-18 12:58:21 INFO  CreateNewAccountUIActions:62 - Selected State @:[[ChromeDriver: chrome on XP (6e92871b87193e404d14a4590587d43b)] -> css selector: select#id_state]
2017-08-18 12:58:21 INFO  CreateNewAccountUIActions:62 - Selected State @:[[ChromeDriver: chrome on XP (b7c2291179d1170c6fc7dc0e7f91f031)] -> css selector: select#id_state]
2017-08-18 12:58:21 INFO  CreateNewAccountUIActions:66 - Entered Zip Code @:[[ChromeDriver: chrome on XP (6e92871b87193e404d14a4590587d43b)] -> css selector: input#postcode]
2017-08-18 12:58:21 INFO  CreateNewAccountUIActions:66 - Entered Zip Code @:[[ChromeDriver: chrome on XP (b7c2291179d1170c6fc7dc0e7f91f031)] -> css selector: input#postcode]
2017-08-18 12:58:21 INFO  CreateNewAccountUIActions:70 - Selected Country @:[[ChromeDriver: chrome on XP (6e92871b87193e404d14a4590587d43b)] -> css selector: select#id_country]
2017-08-18 12:58:21 INFO  CreateNewAccountUIActions:70 - Selected Country @:[[ChromeDriver: chrome on XP (b7c2291179d1170c6fc7dc0e7f91f031)] -> css selector: select#id_country]
2017-08-18 12:58:21 INFO  TestCase02:95 - Store Name Verified In Search Results as:Pembroke Pines
2017-08-18 12:58:21 INFO  TestCase02:44 - =========== Execution Finished for Test Case02 =============
2017-08-18 12:58:22 INFO  CreateNewAccountUIActions:73 - Entered Additioanl Information @:[[ChromeDriver: chrome on XP (6e92871b87193e404d14a4590587d43b)] -> css selector: textarea#other]
2017-08-18 12:58:22 INFO  CreateNewAccountUIActions:73 - Entered Additioanl Information @:[[ChromeDriver: chrome on XP (b7c2291179d1170c6fc7dc0e7f91f031)] -> css selector: textarea#other]
2017-08-18 12:58:22 INFO  CreateNewAccountUIActions:76 - Entered Home Phone @:[[ChromeDriver: chrome on XP (6e92871b87193e404d14a4590587d43b)] -> css selector: input#phone]
2017-08-18 12:58:22 INFO  CreateNewAccountUIActions:76 - Entered Home Phone @:[[ChromeDriver: chrome on XP (b7c2291179d1170c6fc7dc0e7f91f031)] -> css selector: input#phone]
2017-08-18 12:58:23 INFO  CreateNewAccountUIActions:79 - Entered Mobile Phone @:[[ChromeDriver: chrome on XP (6e92871b87193e404d14a4590587d43b)] -> css selector: input#phone_mobile]
2017-08-18 12:58:23 INFO  CreateNewAccountUIActions:79 - Entered Mobile Phone @:[[ChromeDriver: chrome on XP (b7c2291179d1170c6fc7dc0e7f91f031)] -> css selector: input#phone_mobile]
2017-08-18 12:58:23 INFO  CreateNewAccountUIActions:82 - Entered Address Alias @:[[ChromeDriver: chrome on XP (6e92871b87193e404d14a4590587d43b)] -> css selector: input#alias]
2017-08-18 12:58:23 INFO  CreateNewAccountUIActions:82 - Entered Address Alias @:[[ChromeDriver: chrome on XP (b7c2291179d1170c6fc7dc0e7f91f031)] -> css selector: input#alias]
2017-08-18 12:58:25 INFO  CreateNewAccountUIActions:91 - Clicked on Register Button To Create New Account
2017-08-18 12:58:25 INFO  TestCase01:94 - Welcome Message Verified Successfully as :Welcome to your account. Here you can manage all of your personal information and orders. @:MyAccountPageObjects.getWelcomeMessage(driver)
2017-08-18 12:58:25 INFO  TestCase01:95 - User was Able to Create Account Successfully @:testCase01_VerifyUserIsAbleToCreateAnAccountHappyPath
2017-08-18 12:58:25 INFO  TestCase01:45 - =========== Execution Finished for Test Case01 =============
2017-08-18 12:58:25 INFO  CreateNewAccountUIActions:91 - Clicked on Register Button To Create New Account
2017-08-18 12:58:25 INFO  TestCase01:94 - Welcome Message Verified Successfully as :Welcome to your account. Here you can manage all of your personal information and orders. @:MyAccountPageObjects.getWelcomeMessage(driver)
2017-08-18 12:58:25 INFO  TestCase01:95 - User was Able to Create Account Successfully @:testCase01_VerifyUserIsAbleToCreateAnAccountHappyPath
2017-08-18 12:58:26 INFO  TestCase01:45 - =========== Execution Finished for Test Case01 =============
