2017-08-22 12:27:29 INFO  TestBase:103 - Browser Name Retrieved as :chrome
2017-08-22 12:27:29 INFO  TestBase:103 - Browser Name Retrieved as :chrome
2017-08-22 12:27:29 INFO  TestBase:103 - Browser Name Retrieved as :chrome
2017-08-22 12:27:29 INFO  TestBase:103 - Browser Name Retrieved as :chrome
2017-08-22 12:27:31 INFO  TestBase:228 - Value of WebDriver in TestBase ChromeDriver: chrome on XP (5452ad7539d75bb167ce2c8aaf80e747)
2017-08-22 12:27:31 INFO  TestBase:228 - Value of WebDriver in TestBase ChromeDriver: chrome on XP (83794ff33721f7e4f653cdd22197ee70)
2017-08-22 12:27:32 INFO  TestBase:228 - Value of WebDriver in TestBase ChromeDriver: chrome on XP (f0e32902c37a584c4ad084d5e744ad78)
2017-08-22 12:27:32 INFO  TestBase:228 - Value of WebDriver in TestBase ChromeDriver: chrome on XP (8785e2bd8c114a5665c24c49e813bc95)
2017-08-22 12:27:41 INFO  CreateNewAccountUIActions:108 - Clicked On Sign In Button From Home Page @:[[ChromeDriver: chrome on XP (83794ff33721f7e4f653cdd22197ee70)] -> css selector: a.login]
2017-08-22 12:27:42 INFO  CreateNewAccountUIActions:97 - Entered Email ID for Creating New Account @:[[ChromeDriver: chrome on XP (83794ff33721f7e4f653cdd22197ee70)] -> css selector: input#email_create]
2017-08-22 12:27:43 INFO  CreateNewAccountUIActions:101 - Clicked On Submit Button To Create New Account @:[[ChromeDriver: chrome on XP (83794ff33721f7e4f653cdd22197ee70)] -> css selector: button#SubmitCreate]
2017-08-22 12:27:43 INFO  CreateNewAccountUIActions:108 - Clicked On Sign In Button From Home Page @:[[ChromeDriver: chrome on XP (5452ad7539d75bb167ce2c8aaf80e747)] -> css selector: a.login]
2017-08-22 12:27:43 INFO  CreateNewAccountUIActions:108 - Clicked On Sign In Button From Home Page @:[[ChromeDriver: chrome on XP (f0e32902c37a584c4ad084d5e744ad78)] -> css selector: a.login]
2017-08-22 12:27:44 INFO  CreateNewAccountUIActions:97 - Entered Email ID for Creating New Account @:[[ChromeDriver: chrome on XP (5452ad7539d75bb167ce2c8aaf80e747)] -> css selector: input#email_create]
2017-08-22 12:27:44 INFO  CreateNewAccountUIActions:101 - Clicked On Submit Button To Create New Account @:[[ChromeDriver: chrome on XP (5452ad7539d75bb167ce2c8aaf80e747)] -> css selector: button#SubmitCreate]
2017-08-22 12:27:44 INFO  CreateNewAccountUIActions:21 - Clicked on Title @:[[ChromeDriver: chrome on XP (83794ff33721f7e4f653cdd22197ee70)] -> css selector: input#id_gender1]
2017-08-22 12:27:44 INFO  SignInUIActions:15 - Entered Email ID to SignIn @:[[ChromeDriver: chrome on XP (f0e32902c37a584c4ad084d5e744ad78)] -> css selector: input#email]
2017-08-22 12:27:45 INFO  CreateNewAccountUIActions:25 - Entered First Name @:[[ChromeDriver: chrome on XP (83794ff33721f7e4f653cdd22197ee70)] -> css selector: input#customer_firstname]
2017-08-22 12:27:45 INFO  SignInUIActions:18 - Entered Password to SignIn @:[[ChromeDriver: chrome on XP (f0e32902c37a584c4ad084d5e744ad78)] -> css selector: input#passwd]
2017-08-22 12:27:45 INFO  CreateNewAccountUIActions:28 - Entered Last Name @:[[ChromeDriver: chrome on XP (83794ff33721f7e4f653cdd22197ee70)] -> css selector: input#customer_lastname]
2017-08-22 12:27:45 INFO  CreateNewAccountUIActions:32 - Entered Password @:[[ChromeDriver: chrome on XP (83794ff33721f7e4f653cdd22197ee70)] -> css selector: input#passwd]
2017-08-22 12:27:45 INFO  CreateNewAccountUIActions:35 - Day Selected @:[[ChromeDriver: chrome on XP (83794ff33721f7e4f653cdd22197ee70)] -> css selector: select#days]
2017-08-22 12:27:46 INFO  CreateNewAccountUIActions:40 - Month Selected @:[[ChromeDriver: chrome on XP (83794ff33721f7e4f653cdd22197ee70)] -> css selector: select#months]
2017-08-22 12:27:46 INFO  CreateNewAccountUIActions:21 - Clicked on Title @:[[ChromeDriver: chrome on XP (5452ad7539d75bb167ce2c8aaf80e747)] -> css selector: input#id_gender1]
2017-08-22 12:27:46 INFO  CreateNewAccountUIActions:45 - Year Selected @:[[ChromeDriver: chrome on XP (83794ff33721f7e4f653cdd22197ee70)] -> css selector: select#years]
2017-08-22 12:27:46 INFO  CreateNewAccountUIActions:25 - Entered First Name @:[[ChromeDriver: chrome on XP (5452ad7539d75bb167ce2c8aaf80e747)] -> css selector: input#customer_firstname]
2017-08-22 12:27:46 INFO  SignInUIActions:20 - Clicked On Sign-In Button 
2017-08-22 12:27:46 INFO  CreateNewAccountUIActions:28 - Entered Last Name @:[[ChromeDriver: chrome on XP (5452ad7539d75bb167ce2c8aaf80e747)] -> css selector: input#customer_lastname]
2017-08-22 12:27:47 INFO  CreateNewAccountUIActions:48 - Entered Company Name @:[[ChromeDriver: chrome on XP (83794ff33721f7e4f653cdd22197ee70)] -> css selector: input#company]
2017-08-22 12:27:47 INFO  CreateNewAccountUIActions:32 - Entered Password @:[[ChromeDriver: chrome on XP (5452ad7539d75bb167ce2c8aaf80e747)] -> css selector: input#passwd]
2017-08-22 12:27:47 INFO  CreateNewAccountUIActions:35 - Day Selected @:[[ChromeDriver: chrome on XP (5452ad7539d75bb167ce2c8aaf80e747)] -> css selector: select#days]
2017-08-22 12:27:47 INFO  CreateNewAccountUIActions:108 - Clicked On Sign In Button From Home Page @:[[ChromeDriver: chrome on XP (8785e2bd8c114a5665c24c49e813bc95)] -> css selector: a.login]
2017-08-22 12:27:47 INFO  CreateNewAccountUIActions:40 - Month Selected @:[[ChromeDriver: chrome on XP (5452ad7539d75bb167ce2c8aaf80e747)] -> css selector: select#months]
2017-08-22 12:27:48 INFO  CreateNewAccountUIActions:51 - Entered Address Line 1 @:[[ChromeDriver: chrome on XP (83794ff33721f7e4f653cdd22197ee70)] -> css selector: input#address1]
2017-08-22 12:27:48 INFO  CreateNewAccountUIActions:45 - Year Selected @:[[ChromeDriver: chrome on XP (5452ad7539d75bb167ce2c8aaf80e747)] -> css selector: select#years]
2017-08-22 12:27:49 INFO  CreateNewAccountUIActions:55 - Entered Addres Line 2 @:[[ChromeDriver: chrome on XP (83794ff33721f7e4f653cdd22197ee70)] -> css selector: input#address2]
2017-08-22 12:27:49 INFO  SignInUIActions:47 - Clicked On Women Category 
2017-08-22 12:27:49 INFO  SignInUIActions:15 - Entered Email ID to SignIn @:[[ChromeDriver: chrome on XP (8785e2bd8c114a5665c24c49e813bc95)] -> css selector: input#email]
2017-08-22 12:27:49 INFO  CreateNewAccountUIActions:48 - Entered Company Name @:[[ChromeDriver: chrome on XP (5452ad7539d75bb167ce2c8aaf80e747)] -> css selector: input#company]
2017-08-22 12:27:49 INFO  CreateNewAccountUIActions:58 - Entered City @:[[ChromeDriver: chrome on XP (83794ff33721f7e4f653cdd22197ee70)] -> css selector: input#city]
2017-08-22 12:27:49 INFO  SignInUIActions:18 - Entered Password to SignIn @:[[ChromeDriver: chrome on XP (8785e2bd8c114a5665c24c49e813bc95)] -> css selector: input#passwd]
2017-08-22 12:27:49 INFO  CreateNewAccountUIActions:62 - Selected State @:[[ChromeDriver: chrome on XP (83794ff33721f7e4f653cdd22197ee70)] -> css selector: select#id_state]
2017-08-22 12:27:49 INFO  CreateNewAccountUIActions:66 - Entered Zip Code @:[[ChromeDriver: chrome on XP (83794ff33721f7e4f653cdd22197ee70)] -> css selector: input#postcode]
2017-08-22 12:27:50 INFO  CreateNewAccountUIActions:51 - Entered Address Line 1 @:[[ChromeDriver: chrome on XP (5452ad7539d75bb167ce2c8aaf80e747)] -> css selector: input#address1]
2017-08-22 12:27:50 INFO  CreateNewAccountUIActions:70 - Selected Country @:[[ChromeDriver: chrome on XP (83794ff33721f7e4f653cdd22197ee70)] -> css selector: select#id_country]
2017-08-22 12:27:50 INFO  CreateNewAccountUIActions:73 - Entered Additioanl Information @:[[ChromeDriver: chrome on XP (83794ff33721f7e4f653cdd22197ee70)] -> css selector: textarea#other]
2017-08-22 12:27:50 INFO  CreateNewAccountUIActions:55 - Entered Addres Line 2 @:[[ChromeDriver: chrome on XP (5452ad7539d75bb167ce2c8aaf80e747)] -> css selector: input#address2]
2017-08-22 12:27:51 INFO  CreateNewAccountUIActions:76 - Entered Home Phone @:[[ChromeDriver: chrome on XP (83794ff33721f7e4f653cdd22197ee70)] -> css selector: input#phone]
2017-08-22 12:27:51 INFO  CreateNewAccountUIActions:58 - Entered City @:[[ChromeDriver: chrome on XP (5452ad7539d75bb167ce2c8aaf80e747)] -> css selector: input#city]
2017-08-22 12:27:51 INFO  SignInUIActions:27 - Clicked On Discover Out Stores Button 
2017-08-22 12:27:51 INFO  SignInUIActions:20 - Clicked On Sign-In Button 
2017-08-22 12:27:51 INFO  CreateNewAccountUIActions:62 - Selected State @:[[ChromeDriver: chrome on XP (5452ad7539d75bb167ce2c8aaf80e747)] -> css selector: select#id_state]
2017-08-22 12:27:51 INFO  CreateNewAccountUIActions:79 - Entered Mobile Phone @:[[ChromeDriver: chrome on XP (83794ff33721f7e4f653cdd22197ee70)] -> css selector: input#phone_mobile]
2017-08-22 12:27:52 INFO  CreateNewAccountUIActions:66 - Entered Zip Code @:[[ChromeDriver: chrome on XP (5452ad7539d75bb167ce2c8aaf80e747)] -> css selector: input#postcode]
2017-08-22 12:27:52 INFO  CreateNewAccountUIActions:82 - Entered Address Alias @:[[ChromeDriver: chrome on XP (83794ff33721f7e4f653cdd22197ee70)] -> css selector: input#alias]
2017-08-22 12:27:52 INFO  CreateNewAccountUIActions:70 - Selected Country @:[[ChromeDriver: chrome on XP (5452ad7539d75bb167ce2c8aaf80e747)] -> css selector: select#id_country]
2017-08-22 12:27:52 INFO  SignInUIActions:35 - Entered Store Location @:[[ChromeDriver: chrome on XP (f0e32902c37a584c4ad084d5e744ad78)] -> css selector: input#addressInput]
2017-08-22 12:27:52 INFO  SignInUIActions:38 - Clicked On Search Button for Location 
2017-08-22 12:27:52 INFO  CreateNewAccountUIActions:91 - Clicked on Register Button To Create New Account
2017-08-22 12:27:53 INFO  CreateNewAccountUIActions:73 - Entered Additioanl Information @:[[ChromeDriver: chrome on XP (5452ad7539d75bb167ce2c8aaf80e747)] -> css selector: textarea#other]
2017-08-22 12:27:53 INFO  CreateNewAccountUIActions:76 - Entered Home Phone @:[[ChromeDriver: chrome on XP (5452ad7539d75bb167ce2c8aaf80e747)] -> css selector: input#phone]
2017-08-22 12:27:53 INFO  CreateNewAccountUIActions:79 - Entered Mobile Phone @:[[ChromeDriver: chrome on XP (5452ad7539d75bb167ce2c8aaf80e747)] -> css selector: input#phone_mobile]
2017-08-22 12:27:53 INFO  SignInUIActions:47 - Clicked On Women Category 
2017-08-22 12:27:53 INFO  CreateNewAccountUIActions:82 - Entered Address Alias @:[[ChromeDriver: chrome on XP (5452ad7539d75bb167ce2c8aaf80e747)] -> css selector: input#alias]
2017-08-22 12:27:53 INFO  TestCase02:93 - Store Name Verified In Search Results as:Pembroke Pines
2017-08-22 12:27:53 INFO  TestCase02:44 - =========== Execution Finished for Test Case02 =============
2017-08-22 12:27:54 INFO  TestCase01:92 - Welcome Message Verified Successfully as :Welcome to your account. Here you can manage all of your personal information and orders. @:MyAccountPageObjects.getWelcomeMessage(driver)
2017-08-22 12:27:54 INFO  TestCase01:93 - User was Able to Create Account Successfully @:testCase01_VerifyUserIsAbleToCreateAnAccountHappyPath
2017-08-22 12:27:55 INFO  TestCase01:45 - =========== Execution Finished for Test Case01 =============
2017-08-22 12:27:56 INFO  CreateNewAccountUIActions:91 - Clicked on Register Button To Create New Account
2017-08-22 12:27:56 INFO  TestCase01:92 - Welcome Message Verified Successfully as :Welcome to your account. Here you can manage all of your personal information and orders. @:MyAccountPageObjects.getWelcomeMessage(driver)
2017-08-22 12:27:56 INFO  TestCase01:93 - User was Able to Create Account Successfully @:testCase01_VerifyUserIsAbleToCreateAnAccountHappyPath
2017-08-22 12:27:56 INFO  SignInUIActions:27 - Clicked On Discover Out Stores Button 
2017-08-22 12:27:56 INFO  TestCase01:45 - =========== Execution Finished for Test Case01 =============
2017-08-22 12:27:56 INFO  SignInUIActions:35 - Entered Store Location @:[[ChromeDriver: chrome on XP (8785e2bd8c114a5665c24c49e813bc95)] -> css selector: input#addressInput]
2017-08-22 12:27:56 INFO  SignInUIActions:38 - Clicked On Search Button for Location 
2017-08-22 12:27:57 INFO  TestCase02:93 - Store Name Verified In Search Results as:Pembroke Pines
2017-08-22 12:27:57 INFO  TestCase02:44 - =========== Execution Finished for Test Case02 =============
