2017-08-18 16:14:06 INFO  TestBase:103 - Browser Name Retrieved as :internet explorer
2017-08-18 16:14:06 INFO  TestBase:103 - Browser Name Retrieved as :internet explorer
2017-08-18 16:14:06 INFO  TestBase:103 - Browser Name Retrieved as :internet explorer
2017-08-18 16:14:06 INFO  TestBase:103 - Browser Name Retrieved as :internet explorer
2017-08-18 16:14:08 INFO  TestBase:128 - Value of WebDriver in TestBase InternetExplorerDriver: internet explorer on WINDOWS (713e44d3-c701-4a3b-b77d-3005efb1b4af)
2017-08-18 16:14:08 INFO  TestBase:130 - Test is Running in Local Machine
2017-08-18 16:14:08 INFO  TestBase:128 - Value of WebDriver in TestBase InternetExplorerDriver: internet explorer on WINDOWS (fa19718f-4a8a-4696-b736-cf1cb1d87ffc)
2017-08-18 16:14:08 INFO  TestBase:130 - Test is Running in Local Machine
2017-08-18 16:14:08 INFO  TestBase:128 - Value of WebDriver in TestBase InternetExplorerDriver: internet explorer on WINDOWS (e4f24c67-1a03-4332-bf59-98ca185907fb)
2017-08-18 16:14:08 INFO  TestBase:130 - Test is Running in Local Machine
2017-08-18 16:14:08 INFO  TestBase:128 - Value of WebDriver in TestBase InternetExplorerDriver: internet explorer on WINDOWS (77a15d8c-8bfc-413d-8f00-b59c48bfe3aa)
2017-08-18 16:14:08 INFO  TestBase:130 - Test is Running in Local Machine
2017-08-18 16:14:09 INFO  TestCase01:103 - Exception Has Occurred During Test Case Execution
2017-08-18 16:14:09 INFO  TestCase01:45 - =========== Execution Finished for Test Case01 =============
2017-08-18 16:14:17 INFO  CreateNewAccountUIActions:108 - Clicked On Sign In Button From Home Page @:[[InternetExplorerDriver: internet explorer on WINDOWS (713e44d3-c701-4a3b-b77d-3005efb1b4af)] -> css selector: a.login]
2017-08-18 16:14:17 INFO  TestCase02:99 - Exception Has Occurred During Test Case Execution
2017-08-18 16:14:17 INFO  TestCase02:44 - =========== Execution Finished for Test Case02 =============
2017-08-18 16:14:18 INFO  CreateNewAccountUIActions:108 - Clicked On Sign In Button From Home Page @:[[InternetExplorerDriver: internet explorer on WINDOWS (fa19718f-4a8a-4696-b736-cf1cb1d87ffc)] -> css selector: a.login]
2017-08-18 16:14:20 INFO  CreateNewAccountUIActions:108 - Clicked On Sign In Button From Home Page @:[[InternetExplorerDriver: internet explorer on WINDOWS (77a15d8c-8bfc-413d-8f00-b59c48bfe3aa)] -> css selector: a.login]
2017-08-18 16:14:21 INFO  SignInUIActions:15 - Entered Email ID to SignIn @:[[InternetExplorerDriver: internet explorer on WINDOWS (fa19718f-4a8a-4696-b736-cf1cb1d87ffc)] -> css selector: input#email]
2017-08-18 16:14:22 INFO  SignInUIActions:18 - Entered Password to SignIn @:[[InternetExplorerDriver: internet explorer on WINDOWS (fa19718f-4a8a-4696-b736-cf1cb1d87ffc)] -> css selector: input#passwd]
2017-08-18 16:14:22 INFO  CreateNewAccountUIActions:97 - Entered Email ID for Creating New Account @:[[InternetExplorerDriver: internet explorer on WINDOWS (77a15d8c-8bfc-413d-8f00-b59c48bfe3aa)] -> css selector: input#email_create]
2017-08-18 16:14:24 INFO  CreateNewAccountUIActions:101 - Clicked On Submit Button To Create New Account @:[[InternetExplorerDriver: internet explorer on WINDOWS (77a15d8c-8bfc-413d-8f00-b59c48bfe3aa)] -> css selector: button#SubmitCreate]
2017-08-18 16:14:24 INFO  SignInUIActions:20 - Clicked On Sign-In Button 
2017-08-18 16:14:27 INFO  SignInUIActions:47 - Clicked On Women Category 
2017-08-18 16:14:29 INFO  CreateNewAccountUIActions:21 - Clicked on Title @:[[InternetExplorerDriver: internet explorer on WINDOWS (77a15d8c-8bfc-413d-8f00-b59c48bfe3aa)] -> css selector: input#id_gender1]
2017-08-18 16:14:31 INFO  SignInUIActions:27 - Clicked On Discover Out Stores Button 
2017-08-18 16:14:32 INFO  SignInUIActions:35 - Entered Store Location @:[[InternetExplorerDriver: internet explorer on WINDOWS (fa19718f-4a8a-4696-b736-cf1cb1d87ffc)] -> css selector: input#addressInput]
2017-08-18 16:14:32 INFO  SignInUIActions:38 - Clicked On Search Button for Location 
2017-08-18 16:14:34 INFO  TestCase02:95 - Store Name Verified In Search Results as:Pembroke Pines
2017-08-18 16:14:34 INFO  TestCase02:44 - =========== Execution Finished for Test Case02 =============
2017-08-18 16:14:35 INFO  CreateNewAccountUIActions:25 - Entered First Name @:[[InternetExplorerDriver: internet explorer on WINDOWS (77a15d8c-8bfc-413d-8f00-b59c48bfe3aa)] -> css selector: input#customer_firstname]
2017-08-18 16:14:37 INFO  CreateNewAccountUIActions:28 - Entered Last Name @:[[InternetExplorerDriver: internet explorer on WINDOWS (77a15d8c-8bfc-413d-8f00-b59c48bfe3aa)] -> css selector: input#customer_lastname]
2017-08-18 16:14:38 INFO  CreateNewAccountUIActions:32 - Entered Password @:[[InternetExplorerDriver: internet explorer on WINDOWS (77a15d8c-8bfc-413d-8f00-b59c48bfe3aa)] -> css selector: input#passwd]
2017-08-18 16:14:41 INFO  CreateNewAccountUIActions:35 - Day Selected @:[[InternetExplorerDriver: internet explorer on WINDOWS (77a15d8c-8bfc-413d-8f00-b59c48bfe3aa)] -> css selector: select#days]
2017-08-18 16:14:42 INFO  CreateNewAccountUIActions:40 - Month Selected @:[[InternetExplorerDriver: internet explorer on WINDOWS (77a15d8c-8bfc-413d-8f00-b59c48bfe3aa)] -> css selector: select#months]
2017-08-18 16:14:43 INFO  CreateNewAccountUIActions:45 - Year Selected @:[[InternetExplorerDriver: internet explorer on WINDOWS (77a15d8c-8bfc-413d-8f00-b59c48bfe3aa)] -> css selector: select#years]
2017-08-18 16:14:44 INFO  CreateNewAccountUIActions:48 - Entered Company Name @:[[InternetExplorerDriver: internet explorer on WINDOWS (77a15d8c-8bfc-413d-8f00-b59c48bfe3aa)] -> css selector: input#company]
2017-08-18 16:14:49 INFO  CreateNewAccountUIActions:51 - Entered Address Line 1 @:[[InternetExplorerDriver: internet explorer on WINDOWS (77a15d8c-8bfc-413d-8f00-b59c48bfe3aa)] -> css selector: input#address1]
2017-08-18 16:14:52 INFO  CreateNewAccountUIActions:55 - Entered Addres Line 2 @:[[InternetExplorerDriver: internet explorer on WINDOWS (77a15d8c-8bfc-413d-8f00-b59c48bfe3aa)] -> css selector: input#address2]
2017-08-18 16:14:53 INFO  CreateNewAccountUIActions:58 - Entered City @:[[InternetExplorerDriver: internet explorer on WINDOWS (77a15d8c-8bfc-413d-8f00-b59c48bfe3aa)] -> css selector: input#city]
2017-08-18 16:14:54 INFO  CreateNewAccountUIActions:62 - Selected State @:[[InternetExplorerDriver: internet explorer on WINDOWS (77a15d8c-8bfc-413d-8f00-b59c48bfe3aa)] -> css selector: select#id_state]
2017-08-18 16:14:54 INFO  CreateNewAccountUIActions:66 - Entered Zip Code @:[[InternetExplorerDriver: internet explorer on WINDOWS (77a15d8c-8bfc-413d-8f00-b59c48bfe3aa)] -> css selector: input#postcode]
2017-08-18 16:14:55 INFO  CreateNewAccountUIActions:70 - Selected Country @:[[InternetExplorerDriver: internet explorer on WINDOWS (77a15d8c-8bfc-413d-8f00-b59c48bfe3aa)] -> css selector: select#id_country]
2017-08-18 16:14:56 INFO  CreateNewAccountUIActions:73 - Entered Additioanl Information @:[[InternetExplorerDriver: internet explorer on WINDOWS (77a15d8c-8bfc-413d-8f00-b59c48bfe3aa)] -> css selector: textarea#other]
2017-08-18 16:14:57 INFO  CreateNewAccountUIActions:76 - Entered Home Phone @:[[InternetExplorerDriver: internet explorer on WINDOWS (77a15d8c-8bfc-413d-8f00-b59c48bfe3aa)] -> css selector: input#phone]
2017-08-18 16:14:58 INFO  CreateNewAccountUIActions:79 - Entered Mobile Phone @:[[InternetExplorerDriver: internet explorer on WINDOWS (77a15d8c-8bfc-413d-8f00-b59c48bfe3aa)] -> css selector: input#phone_mobile]
2017-08-18 16:14:59 INFO  CreateNewAccountUIActions:82 - Entered Address Alias @:[[InternetExplorerDriver: internet explorer on WINDOWS (77a15d8c-8bfc-413d-8f00-b59c48bfe3aa)] -> css selector: input#alias]
2017-08-18 16:15:05 INFO  CreateNewAccountUIActions:91 - Clicked on Register Button To Create New Account
2017-08-18 16:15:05 INFO  TestCase01:94 - Welcome Message Verified Successfully as :Welcome to your account. Here you can manage all of your personal information and orders. @:MyAccountPageObjects.getWelcomeMessage(driver)
2017-08-18 16:15:05 INFO  TestCase01:95 - User was Able to Create Account Successfully @:testCase01_VerifyUserIsAbleToCreateAnAccountHappyPath
2017-08-18 16:15:06 INFO  TestCase01:45 - =========== Execution Finished for Test Case01 =============
