2017-08-18 12:56:47 INFO  TestBase:103 - Browser Name Retrieved as :chrome
2017-08-18 12:56:47 INFO  TestBase:103 - Browser Name Retrieved as :chrome
2017-08-18 12:56:47 INFO  TestBase:103 - Browser Name Retrieved as :chrome
2017-08-18 12:56:47 INFO  TestBase:103 - Browser Name Retrieved as :chrome
2017-08-18 12:56:53 INFO  TestBase:228 - Value of WebDriver in TestBase ChromeDriver: chrome on XP (872bf9f509f7ed1c726a03135322562a)
2017-08-18 12:56:53 INFO  TestBase:228 - Value of WebDriver in TestBase ChromeDriver: chrome on XP (32418c9ca9783f21199a39745b053031)
2017-08-18 12:56:53 INFO  TestBase:228 - Value of WebDriver in TestBase ChromeDriver: chrome on XP (7c23faaa6eba0756a7bf2d252736123c)
2017-08-18 12:56:53 INFO  TestBase:228 - Value of WebDriver in TestBase ChromeDriver: chrome on XP (7592e289e1c8d9d7bf2429aed03e8baa)
2017-08-18 12:56:53 INFO  TestCase01:103 - Exception Has Occurred During Test Case Execution
2017-08-18 12:56:53 INFO  TestCase02:99 - Exception Has Occurred During Test Case Execution
2017-08-18 12:56:54 INFO  TestCase02:44 - =========== Execution Finished for Test Case02 =============
2017-08-18 12:56:54 INFO  TestCase01:45 - =========== Execution Finished for Test Case01 =============
2017-08-18 12:57:00 INFO  CreateNewAccountUIActions:108 - Clicked On Sign In Button From Home Page @:[[ChromeDriver: chrome on XP (872bf9f509f7ed1c726a03135322562a)] -> css selector: a.login]
2017-08-18 12:57:01 INFO  CreateNewAccountUIActions:97 - Entered Email ID for Creating New Account @:[[ChromeDriver: chrome on XP (872bf9f509f7ed1c726a03135322562a)] -> css selector: input#email_create]
2017-08-18 12:57:01 INFO  CreateNewAccountUIActions:101 - Clicked On Submit Button To Create New Account @:[[ChromeDriver: chrome on XP (872bf9f509f7ed1c726a03135322562a)] -> css selector: button#SubmitCreate]
2017-08-18 12:57:01 INFO  CreateNewAccountUIActions:108 - Clicked On Sign In Button From Home Page @:[[ChromeDriver: chrome on XP (7c23faaa6eba0756a7bf2d252736123c)] -> css selector: a.login]
2017-08-18 12:57:02 INFO  SignInUIActions:15 - Entered Email ID to SignIn @:[[ChromeDriver: chrome on XP (7c23faaa6eba0756a7bf2d252736123c)] -> css selector: input#email]
2017-08-18 12:57:02 INFO  SignInUIActions:18 - Entered Password to SignIn @:[[ChromeDriver: chrome on XP (7c23faaa6eba0756a7bf2d252736123c)] -> css selector: input#passwd]
2017-08-18 12:57:03 INFO  CreateNewAccountUIActions:21 - Clicked on Title @:[[ChromeDriver: chrome on XP (872bf9f509f7ed1c726a03135322562a)] -> css selector: input#id_gender1]
2017-08-18 12:57:03 INFO  CreateNewAccountUIActions:25 - Entered First Name @:[[ChromeDriver: chrome on XP (872bf9f509f7ed1c726a03135322562a)] -> css selector: input#customer_firstname]
2017-08-18 12:57:03 INFO  CreateNewAccountUIActions:28 - Entered Last Name @:[[ChromeDriver: chrome on XP (872bf9f509f7ed1c726a03135322562a)] -> css selector: input#customer_lastname]
2017-08-18 12:57:03 INFO  SignInUIActions:20 - Clicked On Sign-In Button 
2017-08-18 12:57:03 INFO  CreateNewAccountUIActions:32 - Entered Password @:[[ChromeDriver: chrome on XP (872bf9f509f7ed1c726a03135322562a)] -> css selector: input#passwd]
2017-08-18 12:57:04 INFO  CreateNewAccountUIActions:35 - Day Selected @:[[ChromeDriver: chrome on XP (872bf9f509f7ed1c726a03135322562a)] -> css selector: select#days]
2017-08-18 12:57:04 INFO  CreateNewAccountUIActions:40 - Month Selected @:[[ChromeDriver: chrome on XP (872bf9f509f7ed1c726a03135322562a)] -> css selector: select#months]
2017-08-18 12:57:04 INFO  CreateNewAccountUIActions:45 - Year Selected @:[[ChromeDriver: chrome on XP (872bf9f509f7ed1c726a03135322562a)] -> css selector: select#years]
2017-08-18 12:57:04 INFO  CreateNewAccountUIActions:48 - Entered Company Name @:[[ChromeDriver: chrome on XP (872bf9f509f7ed1c726a03135322562a)] -> css selector: input#company]
2017-08-18 12:57:05 INFO  CreateNewAccountUIActions:51 - Entered Address Line 1 @:[[ChromeDriver: chrome on XP (872bf9f509f7ed1c726a03135322562a)] -> css selector: input#address1]
2017-08-18 12:57:05 INFO  SignInUIActions:47 - Clicked On Women Category 
2017-08-18 12:57:05 INFO  CreateNewAccountUIActions:55 - Entered Addres Line 2 @:[[ChromeDriver: chrome on XP (872bf9f509f7ed1c726a03135322562a)] -> css selector: input#address2]
2017-08-18 12:57:06 INFO  CreateNewAccountUIActions:58 - Entered City @:[[ChromeDriver: chrome on XP (872bf9f509f7ed1c726a03135322562a)] -> css selector: input#city]
2017-08-18 12:57:06 INFO  CreateNewAccountUIActions:62 - Selected State @:[[ChromeDriver: chrome on XP (872bf9f509f7ed1c726a03135322562a)] -> css selector: select#id_state]
2017-08-18 12:57:06 INFO  CreateNewAccountUIActions:66 - Entered Zip Code @:[[ChromeDriver: chrome on XP (872bf9f509f7ed1c726a03135322562a)] -> css selector: input#postcode]
2017-08-18 12:57:06 INFO  CreateNewAccountUIActions:70 - Selected Country @:[[ChromeDriver: chrome on XP (872bf9f509f7ed1c726a03135322562a)] -> css selector: select#id_country]
2017-08-18 12:57:06 INFO  CreateNewAccountUIActions:73 - Entered Additioanl Information @:[[ChromeDriver: chrome on XP (872bf9f509f7ed1c726a03135322562a)] -> css selector: textarea#other]
2017-08-18 12:57:07 INFO  CreateNewAccountUIActions:76 - Entered Home Phone @:[[ChromeDriver: chrome on XP (872bf9f509f7ed1c726a03135322562a)] -> css selector: input#phone]
2017-08-18 12:57:07 INFO  CreateNewAccountUIActions:79 - Entered Mobile Phone @:[[ChromeDriver: chrome on XP (872bf9f509f7ed1c726a03135322562a)] -> css selector: input#phone_mobile]
2017-08-18 12:57:07 INFO  CreateNewAccountUIActions:82 - Entered Address Alias @:[[ChromeDriver: chrome on XP (872bf9f509f7ed1c726a03135322562a)] -> css selector: input#alias]
2017-08-18 12:57:08 INFO  SignInUIActions:27 - Clicked On Discover Out Stores Button 
2017-08-18 12:57:09 INFO  SignInUIActions:35 - Entered Store Location @:[[ChromeDriver: chrome on XP (7c23faaa6eba0756a7bf2d252736123c)] -> css selector: input#addressInput]
2017-08-18 12:57:09 INFO  SignInUIActions:38 - Clicked On Search Button for Location 
2017-08-18 12:57:09 INFO  CreateNewAccountUIActions:91 - Clicked on Register Button To Create New Account
2017-08-18 12:57:09 INFO  TestCase01:94 - Welcome Message Verified Successfully as :Welcome to your account. Here you can manage all of your personal information and orders. @:MyAccountPageObjects.getWelcomeMessage(driver)
2017-08-18 12:57:09 INFO  TestCase01:95 - User was Able to Create Account Successfully @:testCase01_VerifyUserIsAbleToCreateAnAccountHappyPath
2017-08-18 12:57:10 INFO  TestCase01:45 - =========== Execution Finished for Test Case01 =============
2017-08-18 12:57:10 INFO  TestCase02:95 - Store Name Verified In Search Results as:Pembroke Pines
2017-08-18 12:57:10 INFO  TestCase02:44 - =========== Execution Finished for Test Case02 =============
