2017-08-12 03:41:49 INFO  TestBase:103 - Browser Name Retrieved as :chrome
2017-08-12 03:41:49 INFO  TestBase:103 - Browser Name Retrieved as :chrome
2017-08-12 03:42:10 INFO  TestBase:254 - Value of WebDriver in TestBase RemoteWebDriver: chrome on XP (c5a9db38-2c5e-4e40-a485-effbdc4ca710)
2017-08-12 03:42:10 INFO  TestBase:254 - Value of WebDriver in TestBase RemoteWebDriver: chrome on XP (f2bf509b-e348-4ae9-8902-90d0df55742f)
2017-08-12 03:42:40 INFO  CreateNewAccountUIActions:109 - Clicked On Sign In Button From Home Page @:[[RemoteWebDriver: chrome on XP (f2bf509b-e348-4ae9-8902-90d0df55742f)] -> css selector: a.login]
2017-08-12 03:42:40 INFO  CreateNewAccountUIActions:109 - Clicked On Sign In Button From Home Page @:[[RemoteWebDriver: chrome on XP (c5a9db38-2c5e-4e40-a485-effbdc4ca710)] -> css selector: a.login]
2017-08-12 03:42:43 INFO  CreateNewAccountUIActions:98 - Entered Email ID for Creating New Account @:[[RemoteWebDriver: chrome on XP (c5a9db38-2c5e-4e40-a485-effbdc4ca710)] -> css selector: input#email_create]
2017-08-12 03:42:43 INFO  SignInUIActions:17 - Entered Email ID to SignIn @:[[RemoteWebDriver: chrome on XP (f2bf509b-e348-4ae9-8902-90d0df55742f)] -> css selector: input#email]
2017-08-12 03:42:43 INFO  CreateNewAccountUIActions:102 - Clicked On Submit Button To Create New Account @:[[RemoteWebDriver: chrome on XP (c5a9db38-2c5e-4e40-a485-effbdc4ca710)] -> css selector: button#SubmitCreate]
2017-08-12 03:42:44 INFO  SignInUIActions:20 - Entered Password to SignIn @:[[RemoteWebDriver: chrome on XP (f2bf509b-e348-4ae9-8902-90d0df55742f)] -> css selector: input#passwd]
2017-08-12 03:42:46 INFO  CreateNewAccountUIActions:22 - Clicked on Title @:[[RemoteWebDriver: chrome on XP (c5a9db38-2c5e-4e40-a485-effbdc4ca710)] -> css selector: input#id_gender1]
2017-08-12 03:42:46 INFO  SignInUIActions:22 - Clicked On Sign-In Button 
2017-08-12 03:42:47 INFO  CreateNewAccountUIActions:26 - Entered First Name @:[[RemoteWebDriver: chrome on XP (c5a9db38-2c5e-4e40-a485-effbdc4ca710)] -> css selector: input#customer_firstname]
2017-08-12 03:42:47 INFO  CreateNewAccountUIActions:29 - Entered Last Name @:[[RemoteWebDriver: chrome on XP (c5a9db38-2c5e-4e40-a485-effbdc4ca710)] -> css selector: input#customer_lastname]
2017-08-12 03:42:48 INFO  CreateNewAccountUIActions:33 - Entered Password @:[[RemoteWebDriver: chrome on XP (c5a9db38-2c5e-4e40-a485-effbdc4ca710)] -> css selector: input#passwd]
2017-08-12 03:42:49 INFO  CreateNewAccountUIActions:36 - Day Selected @:[[RemoteWebDriver: chrome on XP (c5a9db38-2c5e-4e40-a485-effbdc4ca710)] -> css selector: select#days]
2017-08-12 03:42:50 INFO  CreateNewAccountUIActions:41 - Month Selected @:[[RemoteWebDriver: chrome on XP (c5a9db38-2c5e-4e40-a485-effbdc4ca710)] -> css selector: select#months]
2017-08-12 03:42:51 INFO  CreateNewAccountUIActions:46 - Year Selected @:[[RemoteWebDriver: chrome on XP (c5a9db38-2c5e-4e40-a485-effbdc4ca710)] -> css selector: select#years]
2017-08-12 03:42:51 INFO  SignInUIActions:49 - Clicked On Women Category 
2017-08-12 03:42:52 INFO  CreateNewAccountUIActions:49 - Entered Company Name @:[[RemoteWebDriver: chrome on XP (c5a9db38-2c5e-4e40-a485-effbdc4ca710)] -> css selector: input#company]
2017-08-12 03:42:54 INFO  CreateNewAccountUIActions:52 - Entered Address Line 1 @:[[RemoteWebDriver: chrome on XP (c5a9db38-2c5e-4e40-a485-effbdc4ca710)] -> css selector: input#address1]
2017-08-12 03:42:54 INFO  CreateNewAccountUIActions:56 - Entered Addres Line 2 @:[[RemoteWebDriver: chrome on XP (c5a9db38-2c5e-4e40-a485-effbdc4ca710)] -> css selector: input#address2]
2017-08-12 03:42:55 INFO  CreateNewAccountUIActions:59 - Entered City @:[[RemoteWebDriver: chrome on XP (c5a9db38-2c5e-4e40-a485-effbdc4ca710)] -> css selector: input#city]
2017-08-12 03:42:55 INFO  CreateNewAccountUIActions:63 - Selected State @:[[RemoteWebDriver: chrome on XP (c5a9db38-2c5e-4e40-a485-effbdc4ca710)] -> css selector: select#id_state]
2017-08-12 03:42:56 INFO  CreateNewAccountUIActions:67 - Entered Zip Code @:[[RemoteWebDriver: chrome on XP (c5a9db38-2c5e-4e40-a485-effbdc4ca710)] -> css selector: input#postcode]
2017-08-12 03:42:56 INFO  CreateNewAccountUIActions:71 - Selected Country @:[[RemoteWebDriver: chrome on XP (c5a9db38-2c5e-4e40-a485-effbdc4ca710)] -> css selector: select#id_country]
2017-08-12 03:42:57 INFO  CreateNewAccountUIActions:74 - Entered Additioanl Information @:[[RemoteWebDriver: chrome on XP (c5a9db38-2c5e-4e40-a485-effbdc4ca710)] -> css selector: textarea#other]
2017-08-12 03:42:57 INFO  CreateNewAccountUIActions:77 - Entered Home Phone @:[[RemoteWebDriver: chrome on XP (c5a9db38-2c5e-4e40-a485-effbdc4ca710)] -> css selector: input#phone]
2017-08-12 03:42:57 INFO  CreateNewAccountUIActions:80 - Entered Mobile Phone @:[[RemoteWebDriver: chrome on XP (c5a9db38-2c5e-4e40-a485-effbdc4ca710)] -> css selector: input#phone_mobile]
2017-08-12 03:42:58 INFO  CreateNewAccountUIActions:83 - Entered Address Alias @:[[RemoteWebDriver: chrome on XP (c5a9db38-2c5e-4e40-a485-effbdc4ca710)] -> css selector: input#alias]
2017-08-12 03:43:01 INFO  CreateNewAccountUIActions:92 - Clicked on Register Button To Create New Account
2017-08-12 03:43:01 INFO  TestCase01:94 - Welcome Message Verified Successfully as :Welcome to your account. Here you can manage all of your personal information and orders. @:MyAccountPageObjects.getWelcomeMessage(driver)
2017-08-12 03:43:01 INFO  TestCase01:95 - User was Able to Create Account Successfully @:testCase01_VerifyUserIsAbleToCreateAnAccountHappyPath
2017-08-12 03:43:02 INFO  TestCase01:45 - =========== Execution Finished for Test Case01 =============
2017-08-12 03:43:07 INFO  SignInUIActions:29 - Clicked On Discover Out Stores Button 
2017-08-12 03:43:08 INFO  SignInUIActions:37 - Entered Store Location @:[[RemoteWebDriver: chrome on XP (f2bf509b-e348-4ae9-8902-90d0df55742f)] -> css selector: input#addressInput]
2017-08-12 03:43:08 INFO  SignInUIActions:40 - Clicked On Search Button for Location 
2017-08-12 03:43:12 INFO  TestCase02:95 - Store Name Verified In Search Results as:Pembroke Pines
2017-08-12 03:43:12 INFO  TestCase02:44 - =========== Execution Finished for Test Case02 =============
