2017-08-22 15:17:55 INFO  TestBase:103 - Browser Name Retrieved as :internet explorer
2017-08-22 15:17:55 INFO  TestBase:103 - Browser Name Retrieved as :internet explorer
2017-08-22 15:17:55 INFO  TestBase:103 - Browser Name Retrieved as :internet explorer
2017-08-22 15:17:55 INFO  TestBase:103 - Browser Name Retrieved as :internet explorer
2017-08-22 15:17:58 INFO  TestBase:128 - Value of WebDriver in TestBase InternetExplorerDriver: internet explorer on WINDOWS (74752ee9-9446-4f46-aa61-fed01e1ea15f)
2017-08-22 15:17:58 INFO  TestBase:128 - Value of WebDriver in TestBase InternetExplorerDriver: internet explorer on WINDOWS (1427f57b-363c-4109-a542-557d0a4eb495)
2017-08-22 15:17:58 INFO  TestBase:130 - Test is Running in Local Machine
2017-08-22 15:17:58 INFO  TestBase:130 - Test is Running in Local Machine
2017-08-22 15:17:58 INFO  TestBase:128 - Value of WebDriver in TestBase InternetExplorerDriver: internet explorer on WINDOWS (0f88b846-ffea-43e2-8078-349ac556135e)
2017-08-22 15:17:58 INFO  TestBase:130 - Test is Running in Local Machine
2017-08-22 15:17:58 INFO  TestBase:128 - Value of WebDriver in TestBase InternetExplorerDriver: internet explorer on WINDOWS (df456320-06dd-4d3d-8018-a012911a559c)
2017-08-22 15:17:58 INFO  TestBase:130 - Test is Running in Local Machine
2017-08-22 15:17:58 INFO  TestCase01:103 - Exception Has Occurred During Test Case Executionorg.openqa.selenium.NoSuchWindowException: Unable to get browser (WARNING: The server did not provide any stacktrace information)
Command duration or timeout: 15 milliseconds
Build info: version: 'unknown', revision: '5234b32', time: '2017-03-10 09:00:17 -0800'
System info: host: 'IBM681-R9WCGFW', ip: '9.195.65.247', os.name: 'Windows 7', os.arch: 'x86', os.version: '6.1', java.version: '1.8.0_144'
Driver info: org.openqa.selenium.ie.InternetExplorerDriver
Capabilities [{se:ieOptions={browserAttachTimeout=0, ie.enableFullPageScreenshot=true, enablePersistentHover=true, ie.forceCreateProcessApi=false, ie.forceShellWindowsApi=false, ignoreZoomSetting=false, ie.fileUploadDialogTimeout=3000, ie.useLegacyFileUploadDialogHandling=false, nativeEvents=true, ie.ensureCleanSession=false, elementScrollBehavior=0, ie.browserCommandLineSwitches=, requireWindowFocus=false, initialBrowserUrl=http://localhost:45674/, ignoreProtectedModeSettings=true, enableElementCacheCleanup=true}, browserName=internet explorer, pageLoadStrategy=normal, javascriptEnabled=true, version=11, platform=WINDOWS, unexpectedAlertBehaviour=dismiss}]
Session ID: df456320-06dd-4d3d-8018-a012911a559c
2017-08-22 15:17:58 INFO  TestCase02:100 - Exception Occurred During Test Case Executionorg.openqa.selenium.NoSuchWindowException: Unable to get browser (WARNING: The server did not provide any stacktrace information)
Command duration or timeout: 15 milliseconds
Build info: version: 'unknown', revision: '5234b32', time: '2017-03-10 09:00:17 -0800'
System info: host: 'IBM681-R9WCGFW', ip: '9.195.65.247', os.name: 'Windows 7', os.arch: 'x86', os.version: '6.1', java.version: '1.8.0_144'
Driver info: org.openqa.selenium.ie.InternetExplorerDriver
Capabilities [{se:ieOptions={browserAttachTimeout=0, ie.enableFullPageScreenshot=true, enablePersistentHover=true, ie.forceCreateProcessApi=false, ie.forceShellWindowsApi=false, ignoreZoomSetting=false, ie.fileUploadDialogTimeout=3000, ie.useLegacyFileUploadDialogHandling=false, nativeEvents=true, ie.ensureCleanSession=false, elementScrollBehavior=0, ie.browserCommandLineSwitches=, requireWindowFocus=false, initialBrowserUrl=http://localhost:40886/, ignoreProtectedModeSettings=true, enableElementCacheCleanup=true}, browserName=internet explorer, pageLoadStrategy=normal, javascriptEnabled=true, version=11, platform=WINDOWS, unexpectedAlertBehaviour=dismiss}]
Session ID: 0f88b846-ffea-43e2-8078-349ac556135e
2017-08-22 15:18:54 INFO  CreateNewAccountUIActions:108 - Clicked On Sign In Button From Home Page @:[[InternetExplorerDriver: internet explorer on WINDOWS (1427f57b-363c-4109-a542-557d0a4eb495)] -> css selector: a.login]
2017-08-22 15:18:54 INFO  TestCase02:100 - Exception Occurred During Test Case Executionorg.openqa.selenium.NoSuchWindowException: Unable to get browser (WARNING: The server did not provide any stacktrace information)
Command duration or timeout: 16 milliseconds
Build info: version: 'unknown', revision: '5234b32', time: '2017-03-10 09:00:17 -0800'
System info: host: 'IBM681-R9WCGFW', ip: '9.195.65.247', os.name: 'Windows 7', os.arch: 'x86', os.version: '6.1', java.version: '1.8.0_144'
Driver info: org.openqa.selenium.ie.InternetExplorerDriver
Capabilities [{se:ieOptions={browserAttachTimeout=0, ie.enableFullPageScreenshot=true, enablePersistentHover=true, ie.forceCreateProcessApi=false, ie.forceShellWindowsApi=false, ignoreZoomSetting=false, ie.fileUploadDialogTimeout=3000, ie.useLegacyFileUploadDialogHandling=false, nativeEvents=true, ie.ensureCleanSession=false, elementScrollBehavior=0, ie.browserCommandLineSwitches=, requireWindowFocus=false, initialBrowserUrl=http://localhost:2615/, ignoreProtectedModeSettings=true, enableElementCacheCleanup=true}, browserName=internet explorer, pageLoadStrategy=normal, javascriptEnabled=true, version=11, platform=WINDOWS, unexpectedAlertBehaviour=dismiss}]
Session ID: 1427f57b-363c-4109-a542-557d0a4eb495
2017-08-22 15:19:33 INFO  CreateNewAccountUIActions:108 - Clicked On Sign In Button From Home Page @:[[InternetExplorerDriver: internet explorer on WINDOWS (74752ee9-9446-4f46-aa61-fed01e1ea15f)] -> css selector: a.login]
2017-08-22 15:19:35 INFO  CreateNewAccountUIActions:97 - Entered Email ID for Creating New Account @:[[InternetExplorerDriver: internet explorer on WINDOWS (74752ee9-9446-4f46-aa61-fed01e1ea15f)] -> css selector: input#email_create]
2017-08-22 15:19:37 INFO  CreateNewAccountUIActions:101 - Clicked On Submit Button To Create New Account @:[[InternetExplorerDriver: internet explorer on WINDOWS (74752ee9-9446-4f46-aa61-fed01e1ea15f)] -> css selector: button#SubmitCreate]
2017-08-22 15:19:41 INFO  CreateNewAccountUIActions:21 - Clicked on Title @:[[InternetExplorerDriver: internet explorer on WINDOWS (74752ee9-9446-4f46-aa61-fed01e1ea15f)] -> css selector: input#id_gender1]
2017-08-22 15:19:44 INFO  CreateNewAccountUIActions:25 - Entered First Name @:[[InternetExplorerDriver: internet explorer on WINDOWS (74752ee9-9446-4f46-aa61-fed01e1ea15f)] -> css selector: input#customer_firstname]
2017-08-22 15:19:46 INFO  CreateNewAccountUIActions:28 - Entered Last Name @:[[InternetExplorerDriver: internet explorer on WINDOWS (74752ee9-9446-4f46-aa61-fed01e1ea15f)] -> css selector: input#customer_lastname]
2017-08-22 15:19:47 INFO  CreateNewAccountUIActions:32 - Entered Password @:[[InternetExplorerDriver: internet explorer on WINDOWS (74752ee9-9446-4f46-aa61-fed01e1ea15f)] -> css selector: input#passwd]
2017-08-22 15:19:48 INFO  CreateNewAccountUIActions:35 - Day Selected @:[[InternetExplorerDriver: internet explorer on WINDOWS (74752ee9-9446-4f46-aa61-fed01e1ea15f)] -> css selector: select#days]
2017-08-22 15:19:49 INFO  CreateNewAccountUIActions:40 - Month Selected @:[[InternetExplorerDriver: internet explorer on WINDOWS (74752ee9-9446-4f46-aa61-fed01e1ea15f)] -> css selector: select#months]
2017-08-22 15:19:50 INFO  CreateNewAccountUIActions:45 - Year Selected @:[[InternetExplorerDriver: internet explorer on WINDOWS (74752ee9-9446-4f46-aa61-fed01e1ea15f)] -> css selector: select#years]
2017-08-22 15:19:51 INFO  CreateNewAccountUIActions:48 - Entered Company Name @:[[InternetExplorerDriver: internet explorer on WINDOWS (74752ee9-9446-4f46-aa61-fed01e1ea15f)] -> css selector: input#company]
2017-08-22 15:19:56 INFO  CreateNewAccountUIActions:51 - Entered Address Line 1 @:[[InternetExplorerDriver: internet explorer on WINDOWS (74752ee9-9446-4f46-aa61-fed01e1ea15f)] -> css selector: input#address1]
2017-08-22 15:19:59 INFO  CreateNewAccountUIActions:55 - Entered Addres Line 2 @:[[InternetExplorerDriver: internet explorer on WINDOWS (74752ee9-9446-4f46-aa61-fed01e1ea15f)] -> css selector: input#address2]
2017-08-22 15:20:00 INFO  CreateNewAccountUIActions:58 - Entered City @:[[InternetExplorerDriver: internet explorer on WINDOWS (74752ee9-9446-4f46-aa61-fed01e1ea15f)] -> css selector: input#city]
2017-08-22 15:20:01 INFO  CreateNewAccountUIActions:62 - Selected State @:[[InternetExplorerDriver: internet explorer on WINDOWS (74752ee9-9446-4f46-aa61-fed01e1ea15f)] -> css selector: select#id_state]
2017-08-22 15:20:02 INFO  CreateNewAccountUIActions:66 - Entered Zip Code @:[[InternetExplorerDriver: internet explorer on WINDOWS (74752ee9-9446-4f46-aa61-fed01e1ea15f)] -> css selector: input#postcode]
2017-08-22 15:20:03 INFO  CreateNewAccountUIActions:70 - Selected Country @:[[InternetExplorerDriver: internet explorer on WINDOWS (74752ee9-9446-4f46-aa61-fed01e1ea15f)] -> css selector: select#id_country]
2017-08-22 15:20:04 INFO  CreateNewAccountUIActions:73 - Entered Additioanl Information @:[[InternetExplorerDriver: internet explorer on WINDOWS (74752ee9-9446-4f46-aa61-fed01e1ea15f)] -> css selector: textarea#other]
2017-08-22 15:20:05 INFO  CreateNewAccountUIActions:76 - Entered Home Phone @:[[InternetExplorerDriver: internet explorer on WINDOWS (74752ee9-9446-4f46-aa61-fed01e1ea15f)] -> css selector: input#phone]
2017-08-22 15:20:06 INFO  CreateNewAccountUIActions:79 - Entered Mobile Phone @:[[InternetExplorerDriver: internet explorer on WINDOWS (74752ee9-9446-4f46-aa61-fed01e1ea15f)] -> css selector: input#phone_mobile]
2017-08-22 15:20:07 INFO  CreateNewAccountUIActions:82 - Entered Address Alias @:[[InternetExplorerDriver: internet explorer on WINDOWS (74752ee9-9446-4f46-aa61-fed01e1ea15f)] -> css selector: input#alias]
2017-08-22 15:20:12 INFO  CreateNewAccountUIActions:91 - Clicked on Register Button To Create New Account
2017-08-22 15:20:13 INFO  TestCase01:94 - Welcome Message Verified Successfully as :Welcome to your account. Here you can manage all of your personal information and orders. @:MyAccountPageObjects.getWelcomeMessage(driver)
2017-08-22 15:20:13 INFO  TestCase01:95 - User was Able to Create Account Successfully @:testCase01_VerifyUserIsAbleToCreateAnAccountHappyPath
2017-08-22 15:20:14 INFO  TestCase01:45 - =========== Execution Finished for Test Case01 =============
