2017-08-22 15:50:23 INFO  TestBase:103 - Browser Name Retrieved as :internet explorer
2017-08-22 15:50:23 INFO  TestBase:103 - Browser Name Retrieved as :internet explorer
2017-08-22 15:50:25 INFO  TestBase:128 - Value of WebDriver in TestBase InternetExplorerDriver: internet explorer on WINDOWS (5bdeac86-0f0f-4b14-9974-58faff83a090)
2017-08-22 15:50:25 INFO  TestBase:130 - Test is Running in Local Machine
2017-08-22 15:50:25 INFO  TestBase:128 - Value of WebDriver in TestBase InternetExplorerDriver: internet explorer on WINDOWS (ce22f0c9-be61-4bef-948f-bd9cc0f2c2b4)
2017-08-22 15:50:25 INFO  TestBase:130 - Test is Running in Local Machine
2017-08-22 15:50:26 INFO  TestCase01:103 - Exception Has Occurred During Test Case Executionorg.openqa.selenium.NoSuchWindowException: Unable to get browser (WARNING: The server did not provide any stacktrace information)
Command duration or timeout: 16 milliseconds
Build info: version: 'unknown', revision: '5234b32', time: '2017-03-10 09:00:17 -0800'
System info: host: 'IBM681-R9WCGFW', ip: '9.195.65.247', os.name: 'Windows 7', os.arch: 'x86', os.version: '6.1', java.version: '1.8.0_144'
Driver info: org.openqa.selenium.ie.InternetExplorerDriver
Capabilities [{se:ieOptions={browserAttachTimeout=0, ie.enableFullPageScreenshot=true, enablePersistentHover=true, ie.forceCreateProcessApi=false, ie.forceShellWindowsApi=false, ignoreZoomSetting=false, ie.fileUploadDialogTimeout=3000, ie.useLegacyFileUploadDialogHandling=false, nativeEvents=true, ie.ensureCleanSession=false, elementScrollBehavior=0, ie.browserCommandLineSwitches=, requireWindowFocus=false, initialBrowserUrl=http://localhost:23212/, ignoreProtectedModeSettings=true, enableElementCacheCleanup=true}, browserName=internet explorer, pageLoadStrategy=normal, javascriptEnabled=true, version=11, platform=WINDOWS, unexpectedAlertBehaviour=dismiss}]
Session ID: ce22f0c9-be61-4bef-948f-bd9cc0f2c2b4
2017-08-22 15:50:32 INFO  TestCase02:100 - Exception Occurred During Test Case Executionorg.openqa.selenium.NoSuchWindowException: Unable to find element on closed window (WARNING: The server did not provide any stacktrace information)
Command duration or timeout: 46 milliseconds
Build info: version: 'unknown', revision: '5234b32', time: '2017-03-10 09:00:17 -0800'
System info: host: 'IBM681-R9WCGFW', ip: '9.195.65.247', os.name: 'Windows 7', os.arch: 'x86', os.version: '6.1', java.version: '1.8.0_144'
Driver info: org.openqa.selenium.ie.InternetExplorerDriver
Capabilities [{se:ieOptions={browserAttachTimeout=0, ie.enableFullPageScreenshot=true, enablePersistentHover=true, ie.forceCreateProcessApi=false, ie.forceShellWindowsApi=false, ignoreZoomSetting=false, ie.fileUploadDialogTimeout=3000, ie.useLegacyFileUploadDialogHandling=false, nativeEvents=true, ie.ensureCleanSession=false, elementScrollBehavior=0, ie.browserCommandLineSwitches=, requireWindowFocus=false, initialBrowserUrl=http://localhost:20101/, ignoreProtectedModeSettings=true, enableElementCacheCleanup=true}, browserName=internet explorer, pageLoadStrategy=normal, javascriptEnabled=true, version=11, platform=WINDOWS, unexpectedAlertBehaviour=dismiss}]
Session ID: 5bdeac86-0f0f-4b14-9974-58faff83a090
*** Element info: {Using=css selector, value=a.login}
